<?xml version="1.0" encoding="UTF-8"?>
<testsuite name="TestLazyProperty" tests="2" skipped="0" failures="0" errors="0" timestamp="2024-09-20T12:26:46" hostname="ASUSFOUAD-J3CG0" time="0.015">
  <properties/>
  <testcase name="testLazy" classname="TestLazyProperty" time="0.013"/>
  <testcase name="initializedOnce" classname="TestLazyProperty" time="0.001"/>
  <system-out><![CDATA[]]></system-out>
  <system-err><![CDATA[]]></system-err>
</testsuite>
