<?xml version="1.0" encoding="UTF-8"?>
<testsuite name="TestTheFunctionWith" tests="2" skipped="0" failures="0" errors="0" timestamp="2024-09-20T20:15:49" hostname="ASUSFOUAD-J3CG0" time="0.018">
  <properties/>
  <testcase name="testCreateString" classname="TestTheFunctionWith" time="0.015"/>
  <testcase name="testCreateMap" classname="TestTheFunctionWith" time="0.003"/>
  <system-out><![CDATA[]]></system-out>
  <system-err><![CDATA[]]></system-err>
</testsuite>
