<?xml version="1.0" encoding="UTF-8"?>
<testsuite name="TestExtensionFunctions" tests="2" skipped="0" failures="0" errors="0" timestamp="2024-09-17T17:54:52" hostname="ASUSFOUAD-J3CG0" time="0.005">
  <properties/>
  <testcase name="testPairExtension" classname="TestExtensionFunctions" time="0.005"/>
  <testcase name="testIntExtension" classname="TestExtensionFunctions" time="0.0"/>
  <system-out><![CDATA[]]></system-out>
  <system-err><![CDATA[]]></system-err>
</testsuite>
