<?xml version="1.0" encoding="UTF-8"?>
<testsuite name="TestFold" tests="1" skipped="0" failures="0" errors="0" timestamp="2024-09-19T12:22:06" hostname="ASUSFOUAD-J3CG0" time="0.049">
  <properties/>
  <testcase name="testGetProductsOrderedByAllCustomers" classname="TestFold" time="0.049"/>
  <system-out><![CDATA[]]></system-out>
  <system-err><![CDATA[]]></system-err>
</testsuite>
