<?xml version="1.0" encoding="UTF-8"?>
<testsuite name="TestDataClasses" tests="2" skipped="0" failures="0" errors="0" timestamp="2024-09-17T15:29:43" hostname="ASUSFOUAD-J3CG0" time="0.027">
  <properties/>
  <testcase name="testComparePeople" classname="TestDataClasses" time="0.005"/>
  <testcase name="testListOfPeople" classname="TestDataClasses" time="0.021"/>
  <system-out><![CDATA[]]></system-out>
  <system-err><![CDATA[]]></system-err>
</testsuite>
