<?xml version="1.0" encoding="UTF-8"?>
<testsuite name="Test" tests="1" skipped="0" failures="0" errors="0" timestamp="2024-09-16T20:27:31" hostname="ASUSFOUAD-J3CG0" time="0.004">
  <properties/>
  <testcase name="testSolution" classname="Test" time="0.004"/>
  <system-out><![CDATA[]]></system-out>
  <system-err><![CDATA[]]></system-err>
</testsuite>
