<?xml version="1.0" encoding="UTF-8"?>
<testsuite name="TestSum" tests="2" skipped="0" failures="0" errors="0" timestamp="2024-09-19T12:15:02" hostname="ASUSFOUAD-J3CG0" time="0.032">
  <properties/>
  <testcase name="testGetTotalOrderPrice" classname="TestSum" time="0.031"/>
  <testcase name="testGetTotalOrderPrice1" classname="TestSum" time="0.0"/>
  <system-out><![CDATA[]]></system-out>
  <system-err><![CDATA[]]></system-err>
</testsuite>
