<?xml version="1.0" encoding="UTF-8"?>
<testsuite name="TestHtmlBuilders" tests="2" skipped="0" failures="0" errors="0" timestamp="2024-09-20T20:24:01" hostname="ASUSFOUAD-J3CG0" time="0.045">
  <properties/>
  <testcase name="productTableIsColored" classname="TestHtmlBuilders" time="0.043"/>
  <testcase name="productTableIsFilled" classname="TestHtmlBuilders" time="0.001"/>
  <system-out><![CDATA[]]></system-out>
  <system-err><![CDATA[]]></system-err>
</testsuite>
