<?xml version="1.0" encoding="UTF-8"?>
<testsuite name="TestDelegatesHowItWorks" tests="1" skipped="0" failures="0" errors="0" timestamp="2024-09-20T12:50:38" hostname="ASUSFOUAD-J3CG0" time="0.015">
  <properties/>
  <testcase name="testDate" classname="TestDelegatesHowItWorks" time="0.015"/>
  <system-out><![CDATA[]]></system-out>
  <system-err><![CDATA[]]></system-err>
</testsuite>
