<?xml version="1.0" encoding="UTF-8"?>
<testsuite name="TestForLoop" tests="2" skipped="0" failures="0" errors="0" timestamp="2024-09-17T20:08:14" hostname="ASUSFOUAD-J3CG0" time="0.031">
  <properties/>
  <testcase name="testIterateOverDateRange" classname="TestForLoop" time="0.027"/>
  <testcase name="testIterateOverEmptyRange" classname="TestForLoop" time="0.003"/>
  <system-out><![CDATA[]]></system-out>
  <system-err><![CDATA[]]></system-err>
</testsuite>
